<?xml version="1.0" encoding="UTF-8"?>
<!-- Generated by org.testng.reporters.JUnitReportReporter -->
<testsuite skipped="0" hostname="Lenovo" name="demo.BluestoneMaps" tests="1" failures="0" timestamp="20 Aug 2019 06:16:22 GMT" time="104.292" errors="0">
  <testcase name="bluestonemap" time="104.292" classname="demo.BluestoneMaps"/>
</testsuite> <!-- demo.BluestoneMaps -->
