<?xml version="1.0" encoding="UTF-8"?>
<!-- Generated by org.testng.reporters.JUnitReportReporter -->
<testsuite skipped="0" hostname="Lenovo" name="demo.Actitime" tests="1" failures="0" timestamp="20 Aug 2019 05:24:11 GMT" time="8.812" errors="0">
  <testcase name="login" time="8.812" classname="demo.Actitime"/>
</testsuite> <!-- demo.Actitime -->
