<?xml version="1.0" encoding="UTF-8"?>
<!-- Generated by org.testng.reporters.JUnitReportReporter -->
<testsuite skipped="0" hostname="Lenovo" name="demo.Testdemo" tests="1" failures="0" timestamp="16 Aug 2019 08:44:08 GMT" time="17.996" errors="0">
  <testcase name="test" time="17.996" classname="demo.Testdemo"/>
</testsuite> <!-- demo.Testdemo -->
